0 info it worked if it ends with ok
1 verbose cli [ 'C:\\Program Files\\nodejs\\node.exe',
1 verbose cli   'C:\\Users\\Spencer\\AppData\\Roaming\\npm\\node_modules\\npm\\bin\\npm-cli.js',
1 verbose cli   'run',
1 verbose cli   'build' ]
2 info using npm@3.10.5
3 info using node@v6.9.1
4 verbose run-script [ 'prebuild', 'build', 'postbuild' ]
5 info lifecycle clinical-timelines@1.9.0~prebuild: clinical-timelines@1.9.0
6 silly lifecycle clinical-timelines@1.9.0~prebuild: no script for prebuild, continuing
7 info lifecycle clinical-timelines@1.9.0~build: clinical-timelines@1.9.0
8 verbose lifecycle clinical-timelines@1.9.0~build: unsafe-perm in lifecycle true
9 verbose lifecycle clinical-timelines@1.9.0~build: PATH: C:\Users\Spencer\AppData\Roaming\npm\node_modules\npm\bin\node-gyp-bin;F:\GitHub\clinical-timelines\node_modules\.bin;C:\Program Files\nodejs;C:\Users\Spencer\bin;C:\Git\mingw64\bin;C:\Git\usr\local\bin;C:\Git\usr\bin;C:\Git\usr\bin;C:\Git\mingw64\bin;C:\Git\usr\bin;C:\Program Files (x86)\NVIDIA Corporation\PhysX\Common;C:\Program Files (x86)\EasyPHP-DevServer-14.1VC11\binaries\php\php_runningversion;C:\Program Files (x86)\Intel\iCLS Client;C:\Program Files\Intel\iCLS Client;C:\Windows\system32;C:\Windows;C:\Windows\System32\Wbem;C:\Windows\System32\WindowsPowerShell\v1.0;C:\Program Files\Intel\Intel(R) Management Engine Components\DAL;C:\Program Files (x86)\Intel\Intel(R) Management Engine Components\DAL;C:\Program Files\Intel\Intel(R) Management Engine Components\IPT;C:\Program Files (x86)\Intel\Intel(R) Management Engine Components\IPT;C:\Program Files (x86)\ATI Technologies\ATI.ACE\Core-Static;C:\Program Files (x86)\AMD\ATI.ACE\Core-Static;C:\Program Files (x86)\Skype\Phone;C:\Git\cmd;C:\Windows\system32\config\systemprofile\.dnx\bin;C:\Program Files\Microsoft DNX\Dnvm;C:\Program Files\nodejs;C:\Program Files (x86)\Subversion\bin;C:\Program Files\TortoiseSVN\bin;C:\Program Files\R\R-3.3.2\bin\x64;F:\S\AppData\Local\Pandoc;C:\Python34;C:\Program Files (x86)\Vim\vim80;C:\Program Files\GDAL;C:\Program Files (x86)\Microsoft Visual Studio 14.0\VC\bin;C:\Users\Spencer\AppData\Roaming\npm;C:\Git\usr\bin\vendor_perl;C:\Git\usr\bin\core_perl
10 verbose lifecycle clinical-timelines@1.9.0~build: CWD: F:\GitHub\clinical-timelines
11 silly lifecycle clinical-timelines@1.9.0~build: Args: [ '/d /s /c', 'npm run bundle && npm run format' ]
12 silly lifecycle clinical-timelines@1.9.0~build: Returned: code: 1  signal: null
13 info lifecycle clinical-timelines@1.9.0~build: Failed to exec build script
14 verbose stack Error: clinical-timelines@1.9.0 build: `npm run bundle && npm run format`
14 verbose stack Exit status 1
14 verbose stack     at EventEmitter.<anonymous> (C:\Users\Spencer\AppData\Roaming\npm\node_modules\npm\lib\utils\lifecycle.js:242:16)
14 verbose stack     at emitTwo (events.js:106:13)
14 verbose stack     at EventEmitter.emit (events.js:191:7)
14 verbose stack     at ChildProcess.<anonymous> (C:\Users\Spencer\AppData\Roaming\npm\node_modules\npm\lib\utils\spawn.js:40:14)
14 verbose stack     at emitTwo (events.js:106:13)
14 verbose stack     at ChildProcess.emit (events.js:191:7)
14 verbose stack     at maybeClose (internal/child_process.js:877:16)
14 verbose stack     at Process.ChildProcess._handle.onexit (internal/child_process.js:226:5)
15 verbose pkgid clinical-timelines@1.9.0
16 verbose cwd F:\GitHub\clinical-timelines
17 error Windows_NT 6.1.7601
18 error argv "C:\\Program Files\\nodejs\\node.exe" "C:\\Users\\Spencer\\AppData\\Roaming\\npm\\node_modules\\npm\\bin\\npm-cli.js" "run" "build"
19 error node v6.9.1
20 error npm  v3.10.5
21 error code ELIFECYCLE
22 error clinical-timelines@1.9.0 build: `npm run bundle && npm run format`
22 error Exit status 1
23 error Failed at the clinical-timelines@1.9.0 build script 'npm run bundle && npm run format'.
23 error Make sure you have the latest version of node.js and npm installed.
23 error If you do, this is most likely a problem with the clinical-timelines package,
23 error not with npm itself.
23 error Tell the author that this fails on your system:
23 error     npm run bundle && npm run format
23 error You can get information on how to open an issue for this project with:
23 error     npm bugs clinical-timelines
23 error Or if that isn't available, you can get their info via:
23 error     npm owner ls clinical-timelines
23 error There is likely additional logging output above.
24 verbose exit [ 1, true ]
